<?xml version="1.0" encoding="UTF-8"?>
<!-- Generated by org.testng.reporters.JUnitXMLReporter -->
<testsuite ignored="0" hostname="mukta" failures="0" tests="8" name="ChromeTest" time="0.225" errors="0" timestamp="2023-03-25T02:30:58 IST">
  <testcase classname="testNg.TestNg" name="@BeforeTest openBrowser" time="0.057">
    <failure type="java.lang.IllegalStateException" message="The path to the driver executable The path to the driver executable must be set by the webdriver.chrome.driver system property; for more information, see https://github.com/SeleniumHQ/selenium/wiki/ChromeDriver. The latest version can be downloaded from https://chromedriver.storage.googleapis.com/index.html">
      <![CDATA[java.lang.IllegalStateException: The path to the driver executable The path to the driver executable must be set by the webdriver.chrome.driver system property; for more information, see https://github.com/SeleniumHQ/selenium/wiki/ChromeDriver. The latest version can be downloaded from https://chromedriver.storage.googleapis.com/index.html
at org.openqa.selenium.internal.Require$StateChecker.nonNull(Require.java:280)
at org.openqa.selenium.remote.service.DriverService.findExecutable(DriverService.java:132)
at org.openqa.selenium.chrome.ChromeDriverService.access$000(ChromeDriverService.java:38)
at org.openqa.selenium.chrome.ChromeDriverService$Builder.findDefaultExecutable(ChromeDriverService.java:231)
at org.openqa.selenium.remote.service.DriverService$Builder.build(DriverService.java:434)
at org.openqa.selenium.chrome.ChromeDriverService.createDefaultService(ChromeDriverService.java:127)
at org.openqa.selenium.chrome.ChromeDriver.<init>(ChromeDriver.java:46)
at testNg.TestNg.openBrowser(TestNg.java:36)
... Removed 24 stack frames]]>
    </failure>
  </testcase> <!-- @BeforeTest openBrowser -->
  <testcase classname="Test.VerifyAddToCart" name="@BeforeTest openBrowser" time="-1.679691658618E9">
    <skipped/>
  </testcase> <!-- @BeforeTest openBrowser -->
  <testcase classname="testNg.VerifyAddToCartBuyNow" name="@BeforeTest openBrowser" time="-1.679691658619E9">
    <skipped/>
  </testcase> <!-- @BeforeTest openBrowser -->
  <testcase classname="testNg.VerifyAddToCart" name="@BeforeClass beforeClass" time="-1.679691658659E9">
    <skipped/>
  </testcase> <!-- @BeforeClass beforeClass -->
  <testcase classname="testNg.VerifyAddToCart" name="@BeforeMethod beforeMethod" time="-1.679691658669E9">
    <skipped/>
  </testcase> <!-- @BeforeMethod beforeMethod -->
  <testcase classname="testNg.VerifyAddToCart" name="@AfterMethod verifyBuyNow" time="-1.679691658683E9">
    <skipped/>
  </testcase> <!-- @AfterMethod verifyBuyNow -->
  <testcase classname="testNg.VerifyAddToCart" name="@BeforeMethod beforeMethod" time="-1.679691658684E9">
    <skipped/>
  </testcase> <!-- @BeforeMethod beforeMethod -->
  <testcase classname="testNg.VerifyAddToCart" name="@AfterMethod verifyBuyNow" time="-1.679691658696E9">
    <skipped/>
  </testcase> <!-- @AfterMethod verifyBuyNow -->
  <testcase classname="testNg.VerifyAddToCart" name="@AfterClass afterClass" time="-1.6796916587E9">
    <skipped/>
  </testcase> <!-- @AfterClass afterClass -->
  <testcase classname="testNg.TestNg" name="@BeforeClass beforeClass" time="-1.679691658705E9">
    <skipped/>
  </testcase> <!-- @BeforeClass beforeClass -->
  <testcase classname="testNg.TestNg" name="@BeforeMethod beforeMethod" time="-1.679691658709E9">
    <skipped/>
  </testcase> <!-- @BeforeMethod beforeMethod -->
  <testcase classname="testNg.TestNg" name="@AfterMethod afterMethod" time="-1.679691658716E9">
    <skipped/>
  </testcase> <!-- @AfterMethod afterMethod -->
  <testcase classname="testNg.TestNg" name="@BeforeMethod beforeMethod" time="-1.679691658717E9">
    <skipped/>
  </testcase> <!-- @BeforeMethod beforeMethod -->
  <testcase classname="testNg.TestNg" name="@AfterMethod afterMethod" time="-1.679691658725E9">
    <skipped/>
  </testcase> <!-- @AfterMethod afterMethod -->
  <testcase classname="testNg.TestNg" name="@AfterClass afterClass" time="-1.679691658726E9">
    <skipped/>
  </testcase> <!-- @AfterClass afterClass -->
  <testcase classname="Test.VerifyAddToCart" name="@BeforeClass beforeClass" time="-1.679691658727E9">
    <skipped/>
  </testcase> <!-- @BeforeClass beforeClass -->
  <testcase classname="Test.VerifyAddToCart" name="@BeforeMethod beforeMethod" time="-1.679691658732E9">
    <skipped/>
  </testcase> <!-- @BeforeMethod beforeMethod -->
  <testcase classname="Test.VerifyAddToCart" name="@AfterMethod verifyBuyNow" time="-1.679691658735E9">
    <skipped/>
  </testcase> <!-- @AfterMethod verifyBuyNow -->
  <testcase classname="Test.VerifyAddToCart" name="@BeforeMethod beforeMethod" time="-1.679691658736E9">
    <skipped/>
  </testcase> <!-- @BeforeMethod beforeMethod -->
  <testcase classname="Test.VerifyAddToCart" name="@AfterMethod verifyBuyNow" time="-1.679691658738E9">
    <skipped/>
  </testcase> <!-- @AfterMethod verifyBuyNow -->
  <testcase classname="Test.VerifyAddToCart" name="@AfterClass afterClass" time="-1.679691658739E9">
    <skipped/>
  </testcase> <!-- @AfterClass afterClass -->
  <testcase classname="testNg.VerifyAddToCartBuyNow" name="@BeforeClass launchBrowser" time="-1.67969165874E9">
    <skipped/>
  </testcase> <!-- @BeforeClass launchBrowser -->
  <testcase classname="testNg.VerifyAddToCartBuyNow" name="@BeforeMethod gotoProductPage" time="-1.679691658741E9">
    <skipped/>
  </testcase> <!-- @BeforeMethod gotoProductPage -->
  <testcase classname="testNg.VerifyAddToCartBuyNow" name="@AfterMethod signOutAmazon" time="-1.67969165875E9">
    <skipped/>
  </testcase> <!-- @AfterMethod signOutAmazon -->
  <testcase classname="testNg.VerifyAddToCartBuyNow" name="@BeforeMethod gotoProductPage" time="-1.679691658751E9">
    <skipped/>
  </testcase> <!-- @BeforeMethod gotoProductPage -->
  <testcase classname="testNg.VerifyAddToCartBuyNow" name="@AfterMethod signOutAmazon" time="-1.679691658771E9">
    <skipped/>
  </testcase> <!-- @AfterMethod signOutAmazon -->
  <testcase classname="testNg.VerifyAddToCartBuyNow" name="@AfterClass closeBroswer" time="-1.679691658772E9">
    <skipped/>
  </testcase> <!-- @AfterClass closeBroswer -->
  <testcase classname="testNg.TestNg" name="@AfterTest closeBrowser" time="-1.679691658773E9">
    <skipped/>
  </testcase> <!-- @AfterTest closeBrowser -->
  <testcase classname="Test.VerifyAddToCart" name="@AfterTest closeBrowser" time="-1.679691658773E9">
    <skipped/>
  </testcase> <!-- @AfterTest closeBrowser -->
  <testcase classname="testNg.VerifyAddToCartBuyNow" name="@AfterTest closeBrowsers" time="-1.679691658774E9">
    <skipped/>
  </testcase> <!-- @AfterTest closeBrowsers -->
  <testcase classname="testNg.VerifyAddToCart" name="verifyAddToCart" time="0.0">
    <skipped/>
  </testcase> <!-- verifyAddToCart -->
  <testcase classname="testNg.VerifyAddToCart" name="verifyBuyNow1" time="0.0">
    <skipped/>
  </testcase> <!-- verifyBuyNow1 -->
  <testcase classname="testNg.TestNg" name="test1" time="0.0">
    <skipped/>
  </testcase> <!-- test1 -->
  <testcase classname="testNg.TestNg" name="test2" time="0.0">
    <skipped/>
  </testcase> <!-- test2 -->
  <testcase classname="Test.VerifyAddToCart" name="verifyAddToCart" time="0.0">
    <skipped/>
  </testcase> <!-- verifyAddToCart -->
  <testcase classname="Test.VerifyAddToCart" name="verifyBuyNow1" time="0.0">
    <skipped/>
  </testcase> <!-- verifyBuyNow1 -->
  <testcase classname="testNg.VerifyAddToCartBuyNow" name="verifyAddToCart" time="0.0">
    <skipped/>
  </testcase> <!-- verifyAddToCart -->
  <testcase classname="testNg.VerifyAddToCartBuyNow" name="verifyBuyNowPageNoptionsDisplayed" time="0.0">
    <skipped/>
  </testcase> <!-- verifyBuyNowPageNoptionsDisplayed -->
</testsuite> <!-- ChromeTest -->
